\BOOKMARK [1][-]{section.1}{Introduction}{}% 1
\BOOKMARK [2][-]{subsection.1.1}{Globalization and rapid urbanization}{section.1}% 2
\BOOKMARK [2][-]{subsection.1.2}{City infrastructure}{section.1}% 3
\BOOKMARK [2][-]{subsection.1.3}{Wastewater management}{section.1}% 4
\BOOKMARK [2][-]{subsection.1.4}{Constructed wetlands}{section.1}% 5
\BOOKMARK [2][-]{subsection.1.5}{Decentralised wastewater management}{section.1}% 6
\BOOKMARK [2][-]{subsection.1.6}{Constructed Wetlands}{section.1}% 7
\BOOKMARK [3][-]{subsubsection.1.6.1}{Process Model for Constructed Wetlands}{subsection.1.6}% 8
\BOOKMARK [2][-]{subsection.1.7}{Objective}{section.1}% 9
\BOOKMARK [2][-]{subsection.1.8}{Significance}{section.1}% 10
\BOOKMARK [1][-]{section.2}{Problem formulation}{}% 11
\BOOKMARK [2][-]{subsection.2.1}{Case study: a decentralized CWs system for municipal wastewater treatment}{section.2}% 12
\BOOKMARK [3][-]{subsubsection.2.1.1}{Mobile, Alabama}{subsection.2.1}% 13
\BOOKMARK [3][-]{subsubsection.2.1.2}{Case Study Area}{subsection.2.1}% 14
\BOOKMARK [2][-]{subsection.2.2}{Qualitative model description}{section.2}% 15
\BOOKMARK [2][-]{subsection.2.3}{Deterministic model}{section.2}% 16
\BOOKMARK [3][-]{subsubsection.2.3.1}{Objective Function}{subsection.2.3}% 17
\BOOKMARK [3][-]{subsubsection.2.3.2}{Constraints}{subsection.2.3}% 18
\BOOKMARK [2][-]{subsection.2.4}{Two-stage stochastic model}{section.2}% 19
\BOOKMARK [2][-]{subsection.2.5}{Sample average approximation}{section.2}% 20
\BOOKMARK [3][-]{subsubsection.2.5.1}{Maximizing average success}{subsection.2.5}% 21
\BOOKMARK [3][-]{subsubsection.2.5.2}{Minimizing Pollutant Shortfall}{subsection.2.5}% 22
\BOOKMARK [3][-]{subsubsection.2.5.3}{Scenario construction}{subsection.2.5}% 23
\BOOKMARK [1][-]{section.3}{Case study}{}% 24
\BOOKMARK [2][-]{subsection.3.1}{Pollutant consideration}{section.3}% 25
\BOOKMARK [2][-]{subsection.3.2}{Design options}{section.3}% 26
\BOOKMARK [2][-]{subsection.3.3}{Sewer pipe construction cost}{section.3}% 27
\BOOKMARK [1][-]{section.4}{Results}{}% 28
\BOOKMARK [2][-]{subsection.4.1}{Deterministic model, Model D}{section.4}% 29
\BOOKMARK [2][-]{subsection.4.2}{Stochastic model: maximizing average success, Model S1}{section.4}% 30
\BOOKMARK [2][-]{subsection.4.3}{Stochastic model: minimizing pollutant shortfall, Model S2}{section.4}% 31
\BOOKMARK [1][-]{section.5}{Computational study}{}% 32
\BOOKMARK [2][-]{subsubsection.5.0.1}{Out-of-sample performance}{section.5}% 33
\BOOKMARK [3][-]{subsubsection.5.0.2}{Increasing budget}{subsubsection.5.0.1}% 34
\BOOKMARK [1][-]{section.6}{Discussion}{}% 35
\BOOKMARK [1][-]{section.7}{Conclusion}{}% 36
\BOOKMARK [2][-]{subsection.7.1}{Further Directions}{section.7}% 37
\BOOKMARK [0][-]{subsection.7.1}{}{}% 38
\BOOKMARK [0][-]{subsection.7.1}{??}{}% 39
